0,status,1,VILLAGER,ALIVE,wasabi
0,status,2,POSSESSED,ALIVE,carlo
0,status,3,WEREWOLF,ALIVE,m_cre
0,status,4,SEER,ALIVE,TOT
0,status,5,VILLAGER,ALIVE,wordwolf
0,status,6,VILLAGER,ALIVE,matatabi
0,divine,4,3,WEREWOLF
1,status,1,VILLAGER,ALIVE,wasabi
1,status,2,POSSESSED,ALIVE,carlo
1,status,3,WEREWOLF,ALIVE,m_cre
1,status,4,SEER,ALIVE,TOT
1,status,5,VILLAGER,ALIVE,wordwolf
1,status,6,VILLAGER,ALIVE,matatabi
1,talk,0,0,3,VOTE Agent[04]
1,talk,1,0,6,VOTE Agent[05]
1,talk,2,0,1,ESTIMATE Agent[02] WEREWOLF
1,talk,3,0,2,COMINGOUT Agent[02] SEER
1,talk,4,0,4,COMINGOUT Agent[04] SEER
1,talk,5,0,5,VOTE Agent[01]
1,talk,6,1,3,Skip
1,talk,7,1,2,DIVINED Agent[06] WEREWOLF
1,talk,8,1,6,Over
1,talk,9,1,1,Skip
1,talk,10,1,4,DIVINED Agent[03] WEREWOLF
1,talk,11,1,5,Skip
1,talk,12,2,1,Skip
1,talk,13,2,3,VOTE Agent[06]
1,talk,14,2,2,VOTE Agent[06]
1,talk,15,2,5,Skip
1,talk,16,2,4,REQUEST ANY (VOTE Agent[03])
1,talk,17,2,6,Over
1,talk,18,3,4,VOTE Agent[03]
1,talk,19,3,1,VOTE Agent[06]
1,talk,20,3,3,Skip
1,talk,21,3,6,Over
1,talk,22,3,5,Over
1,talk,23,3,2,Skip
1,talk,24,4,3,Skip
1,talk,25,4,5,VOTE Agent[06]
1,talk,26,4,1,Skip
1,talk,27,4,2,Skip
1,talk,28,4,4,REQUEST ANY (VOTE Agent[03])
1,talk,29,4,6,Over
1,talk,30,5,1,Skip
1,talk,31,5,6,Over
1,talk,32,5,5,Skip
1,talk,33,5,4,Skip
1,talk,34,5,2,Over
1,talk,35,5,3,Over
1,talk,36,6,6,Over
1,talk,37,6,2,Over
1,talk,38,6,1,Over
1,talk,39,6,4,Skip
1,talk,40,6,3,Over
1,talk,41,6,5,Skip
1,talk,42,7,2,Over
1,talk,43,7,6,Over
1,talk,44,7,1,Over
1,talk,45,7,4,Over
1,talk,46,7,3,Over
1,talk,47,7,5,Over
1,vote,1,6
1,vote,2,6
1,vote,3,6
1,vote,4,3
1,vote,5,6
1,vote,6,1
1,execute,6,VILLAGER
1,divine,4,2,HUMAN
1,attackVote,3,5
1,attack,5,true
2,status,1,VILLAGER,ALIVE,wasabi
2,status,2,POSSESSED,ALIVE,carlo
2,status,3,WEREWOLF,ALIVE,m_cre
2,status,4,SEER,ALIVE,TOT
2,status,5,VILLAGER,DEAD,wordwolf
2,status,6,VILLAGER,DEAD,matatabi
2,talk,0,0,4,DIVINED Agent[02] HUMAN
2,talk,1,0,1,ESTIMATE Agent[04] WEREWOLF
2,talk,2,0,2,DIVINED Agent[04] HUMAN
2,talk,3,0,3,VOTE Agent[04]
2,talk,4,1,1,ESTIMATE Agent[03] VILLAGER
2,talk,5,1,3,VOTE Agent[01]
2,talk,6,1,4,REQUEST ANY (VOTE Agent[03])
2,talk,7,1,2,VOTE Agent[01]
2,talk,8,2,3,Skip
2,talk,9,2,2,Skip
2,talk,10,2,1,Skip
2,talk,11,2,4,ESTIMATE Agent[02] POSSESSED
2,talk,12,3,1,VOTE Agent[03]
2,talk,13,3,4,VOTE Agent[03]
2,talk,14,3,2,Skip
2,talk,15,3,3,Skip
2,talk,16,4,2,Over
2,talk,17,4,4,REQUEST ANY (VOTE Agent[03])
2,talk,18,4,3,Over
2,talk,19,4,1,Skip
2,talk,20,5,4,Skip
2,talk,21,5,3,Over
2,talk,22,5,2,Over
2,talk,23,5,1,Skip
2,talk,24,6,4,Skip
2,talk,25,6,2,Over
2,talk,26,6,3,Over
2,talk,27,6,1,ESTIMATE Agent[02] WEREWOLF
2,talk,28,7,4,Over
2,talk,29,7,1,Skip
2,talk,30,7,3,Over
2,talk,31,7,2,Over
2,talk,32,8,2,Over
2,talk,33,8,1,Skip
2,talk,34,8,3,Over
2,talk,35,8,4,Over
2,talk,36,9,3,Over
2,talk,37,9,1,Over
2,talk,38,9,2,Over
2,talk,39,9,4,Over
2,vote,1,3
2,vote,2,1
2,vote,3,1
2,vote,4,3
2,vote,1,3
2,vote,2,1
2,vote,3,1
2,vote,4,3
2,execute,1,VILLAGER
2,attackVote,3,2
2,attack,2,true
3,status,1,VILLAGER,DEAD,wasabi
3,status,2,POSSESSED,DEAD,carlo
3,status,3,WEREWOLF,ALIVE,m_cre
3,status,4,SEER,ALIVE,TOT
3,status,5,VILLAGER,DEAD,wordwolf
3,status,6,VILLAGER,DEAD,matatabi
3,result,1,1,WEREWOLF
