0,status,1,POSSESSED,ALIVE,wasabi
0,status,2,VILLAGER,ALIVE,carlo
0,status,3,VILLAGER,ALIVE,m_cre
0,status,4,VILLAGER,ALIVE,TOT
0,status,5,SEER,ALIVE,wordwolf
0,status,6,WEREWOLF,ALIVE,matatabi
0,divine,5,2,HUMAN
1,status,1,POSSESSED,ALIVE,wasabi
1,status,2,VILLAGER,ALIVE,carlo
1,status,3,VILLAGER,ALIVE,m_cre
1,status,4,VILLAGER,ALIVE,TOT
1,status,5,SEER,ALIVE,wordwolf
1,status,6,WEREWOLF,ALIVE,matatabi
1,talk,0,0,1,COMINGOUT Agent[01] SEER
1,talk,1,0,3,VOTE Agent[04]
1,talk,2,0,6,Skip
1,talk,3,0,2,VOTE Agent[01]
1,talk,4,0,5,COMINGOUT Agent[05] SEER
1,talk,5,0,4,VOTE Agent[06]
1,talk,6,1,3,VOTE Agent[01]
1,talk,7,1,5,DIVINED Agent[02] HUMAN
1,talk,8,1,6,Over
1,talk,9,1,1,DIVINED Agent[04] HUMAN
1,talk,10,1,4,REQUEST ANY (VOTE Agent[06])
1,talk,11,1,2,VOTE Agent[03]
1,talk,12,2,2,Skip
1,talk,13,2,5,VOTE Agent[01]
1,talk,14,2,3,Skip
1,talk,15,2,1,Skip
1,talk,16,2,4,Skip
1,talk,17,2,6,Over
1,talk,18,3,1,VOTE Agent[06]
1,talk,19,3,3,Skip
1,talk,20,3,4,Skip
1,talk,21,3,6,Over
1,talk,22,3,5,VOTE Agent[06]
1,talk,23,3,2,Skip
1,talk,24,4,2,Over
1,talk,25,4,1,Skip
1,talk,26,4,5,Skip
1,talk,27,4,3,Over
1,talk,28,4,4,Over
1,talk,29,4,6,Over
1,talk,30,5,2,Over
1,talk,31,5,4,Over
1,talk,32,5,5,Skip
1,talk,33,5,6,Over
1,talk,34,5,1,Skip
1,talk,35,5,3,Over
1,talk,36,6,4,Over
1,talk,37,6,6,Over
1,talk,38,6,3,Over
1,talk,39,6,1,ESTIMATE Agent[03] VILLAGER
1,talk,40,6,2,Over
1,talk,41,6,5,Over
1,talk,42,7,1,Skip
1,talk,43,7,4,Over
1,talk,44,7,3,Over
1,talk,45,7,5,Over
1,talk,46,7,6,Over
1,talk,47,7,2,Over
1,talk,48,8,4,Over
1,talk,49,8,2,Over
1,talk,50,8,3,Over
1,talk,51,8,6,Over
1,talk,52,8,5,Over
1,talk,53,8,1,ESTIMATE Agent[03] VILLAGER
1,talk,54,9,4,Over
1,talk,55,9,6,Over
1,talk,56,9,2,Over
1,talk,57,9,5,Over
1,talk,58,9,1,Over
1,talk,59,9,3,Over
1,vote,1,6
1,vote,2,3
1,vote,3,1
1,vote,4,6
1,vote,5,6
1,vote,6,1
1,execute,6,WEREWOLF
1,divine,5,5,HUMAN
2,status,1,POSSESSED,ALIVE,wasabi
2,status,2,VILLAGER,ALIVE,carlo
2,status,3,VILLAGER,ALIVE,m_cre
2,status,4,VILLAGER,ALIVE,TOT
2,status,5,SEER,ALIVE,wordwolf
2,status,6,WEREWOLF,DEAD,matatabi
2,result,5,0,VILLAGER
