0,status,1,VILLAGER,ALIVE,S3
0,status,2,SEER,ALIVE,S4
0,status,3,VILLAGER,ALIVE,S5
0,status,4,WEREWOLF,ALIVE,S1
0,status,5,VILLAGER,ALIVE,S2
0,status,6,POSSESSED,ALIVE,matatabi
0,divine,2,4,WEREWOLF
1,status,1,VILLAGER,ALIVE,S3
1,status,2,SEER,ALIVE,S4
1,status,3,VILLAGER,ALIVE,S5
1,status,4,WEREWOLF,ALIVE,S1
1,status,5,VILLAGER,ALIVE,S2
1,status,6,POSSESSED,ALIVE,matatabi
1,talk,0,0,6,COMINGOUT Agent[06] SEER
1,talk,1,0,5,Skip
1,talk,2,0,3,Skip
1,talk,3,0,4,Skip
1,talk,4,0,1,Skip
1,talk,5,0,2,COMINGOUT Agent[02] SEER
1,talk,6,1,5,Skip
1,talk,7,1,3,Skip
1,talk,8,1,2,DAY 1 (DIVINED Agent[04] WEREWOLF)
1,talk,9,1,6,DIVINED Agent[01] HUMAN
1,talk,10,1,1,Skip
1,talk,11,1,4,COMINGOUT Agent[04] SEER
1,talk,12,2,5,AND (VOTE Agent[01]) (REQUEST ANY (VOTE Agent[01]))
1,talk,13,2,6,Over
1,talk,14,2,3,AND (VOTE Agent[05]) (REQUEST ANY (VOTE Agent[05]))
1,talk,15,2,1,AND (VOTE Agent[04]) (REQUEST ANY (VOTE Agent[04]))
1,talk,16,2,4,DAY 1 (DIVINED Agent[06] HUMAN)
1,talk,17,2,2,BECAUSE (DAY 1 (DIVINED Agent[04] WEREWOLF)) (REQUEST ANY (VOTE Agent[04]))
1,talk,18,3,1,Skip
1,talk,19,3,4,AND (VOTE Agent[02]) (REQUEST ANY (VOTE Agent[02]))
1,talk,20,3,3,AND (VOTE Agent[04]) (REQUEST ANY (VOTE Agent[04]))
1,talk,21,3,2,BECAUSE (DAY 1 (DIVINED Agent[04] WEREWOLF)) (AND (VOTE Agent[04]) (REQUEST ANY (VOTE Agent[04])))
1,talk,22,3,5,AND (VOTE Agent[04]) (REQUEST ANY (VOTE Agent[04]))
1,talk,23,3,6,Over
1,talk,24,4,2,Skip
1,talk,25,4,4,Skip
1,talk,26,4,1,Skip
1,talk,27,4,5,Skip
1,talk,28,4,3,AND (VOTE Agent[02]) (REQUEST ANY (VOTE Agent[02]))
1,talk,29,4,6,Over
1,talk,30,5,2,Skip
1,talk,31,5,5,AND (VOTE Agent[02]) (REQUEST ANY (VOTE Agent[02]))
1,talk,32,5,6,Over
1,talk,33,5,4,Skip
1,talk,34,5,3,Skip
1,talk,35,5,1,Over
1,talk,36,6,2,Over
1,talk,37,6,5,Skip
1,talk,38,6,6,Over
1,talk,39,6,3,AND (VOTE Agent[04]) (REQUEST ANY (VOTE Agent[04]))
1,talk,40,6,1,AND (VOTE Agent[02]) (REQUEST ANY (VOTE Agent[02]))
1,talk,41,6,4,Over
1,talk,42,7,4,Over
1,talk,43,7,5,Skip
1,talk,44,7,3,AND (VOTE Agent[02]) (REQUEST ANY (VOTE Agent[02]))
1,talk,45,7,1,Skip
1,talk,46,7,2,Over
1,talk,47,7,6,Over
1,talk,48,8,1,Skip
1,talk,49,8,3,Skip
1,talk,50,8,6,Over
1,talk,51,8,4,Over
1,talk,52,8,5,Over
1,talk,53,8,2,Over
1,talk,54,9,1,Over
1,talk,55,9,6,Over
1,talk,56,9,5,Over
1,talk,57,9,2,Over
1,talk,58,9,4,Over
1,talk,59,9,3,Skip
1,talk,60,10,5,Over
1,talk,61,10,1,Over
1,talk,62,10,2,Over
1,talk,63,10,6,Over
1,talk,64,10,4,Over
1,talk,65,10,3,Over
1,vote,1,2
1,vote,2,4
1,vote,3,2
1,vote,4,2
1,vote,5,2
1,vote,6,4
1,execute,2,SEER
1,attackVote,4,6
1,attack,6,true
2,status,1,VILLAGER,ALIVE,S3
2,status,2,SEER,DEAD,S4
2,status,3,VILLAGER,ALIVE,S5
2,status,4,WEREWOLF,ALIVE,S1
2,status,5,VILLAGER,ALIVE,S2
2,status,6,POSSESSED,DEAD,matatabi
2,talk,0,0,3,Skip
2,talk,1,0,4,DAY 2 (DIVINED Agent[05] HUMAN)
2,talk,2,0,5,Skip
2,talk,3,0,1,Skip
2,talk,4,1,4,Skip
2,talk,5,1,3,Skip
2,talk,6,1,5,Skip
2,talk,7,1,1,Skip
2,talk,8,2,3,AND (VOTE Agent[01]) (REQUEST ANY (VOTE Agent[01]))
2,talk,9,2,5,AND (VOTE Agent[04]) (REQUEST ANY (VOTE Agent[04]))
2,talk,10,2,4,AND (VOTE Agent[01]) (REQUEST ANY (VOTE Agent[01]))
2,talk,11,2,1,AND (VOTE Agent[05]) (REQUEST ANY (VOTE Agent[05]))
2,talk,12,3,5,AND (VOTE Agent[05]) (REQUEST ANY (VOTE Agent[05]))
2,talk,13,3,1,AND (VOTE Agent[01]) (REQUEST ANY (VOTE Agent[01]))
2,talk,14,3,3,Skip
2,talk,15,3,4,Skip
2,talk,16,4,1,AND (VOTE Agent[05]) (REQUEST ANY (VOTE Agent[05]))
2,talk,17,4,3,Skip
2,talk,18,4,5,AND (VOTE Agent[01]) (REQUEST ANY (VOTE Agent[01]))
2,talk,19,4,4,Skip
2,talk,20,5,1,AND (VOTE Agent[01]) (REQUEST ANY (VOTE Agent[01]))
2,talk,21,5,3,AND (VOTE Agent[05]) (REQUEST ANY (VOTE Agent[05]))
2,talk,22,5,5,Skip
2,talk,23,5,4,Over
2,talk,24,6,3,AND (VOTE Agent[01]) (REQUEST ANY (VOTE Agent[01]))
2,talk,25,6,5,Skip
2,talk,26,6,1,AND (VOTE Agent[05]) (REQUEST ANY (VOTE Agent[05]))
2,talk,27,6,4,Over
2,talk,28,7,3,Skip
2,talk,29,7,1,AND (VOTE Agent[01]) (REQUEST ANY (VOTE Agent[01]))
2,talk,30,7,4,Over
2,talk,31,7,5,Over
2,talk,32,8,3,Skip
2,talk,33,8,4,Over
2,talk,34,8,1,Skip
2,talk,35,8,5,Over
2,talk,36,9,5,Over
2,talk,37,9,4,Over
2,talk,38,9,1,Skip
2,talk,39,9,3,Over
2,talk,40,10,5,Over
2,talk,41,10,3,Over
2,talk,42,10,4,Over
2,talk,43,10,1,Over
2,vote,1,3
2,vote,3,1
2,vote,4,1
2,vote,5,1
2,execute,1,VILLAGER
2,attackVote,4,5
2,attack,5,true
3,status,1,VILLAGER,DEAD,S3
3,status,2,SEER,DEAD,S4
3,status,3,VILLAGER,ALIVE,S5
3,status,4,WEREWOLF,ALIVE,S1
3,status,5,VILLAGER,DEAD,S2
3,status,6,POSSESSED,DEAD,matatabi
3,result,1,1,WEREWOLF
