0,status,1,WEREWOLF,ALIVE,wasabi
0,status,2,VILLAGER,ALIVE,carlo
0,status,3,SEER,ALIVE,m_cre
0,status,4,POSSESSED,ALIVE,TOT
0,status,5,VILLAGER,ALIVE,wordwolf
0,status,6,VILLAGER,ALIVE,matatabi
0,divine,3,4,HUMAN
1,status,1,WEREWOLF,ALIVE,wasabi
1,status,2,VILLAGER,ALIVE,carlo
1,status,3,SEER,ALIVE,m_cre
1,status,4,POSSESSED,ALIVE,TOT
1,status,5,VILLAGER,ALIVE,wordwolf
1,status,6,VILLAGER,ALIVE,matatabi
1,talk,0,0,4,COMINGOUT Agent[04] SEER
1,talk,1,0,6,VOTE Agent[02]
1,talk,2,0,5,VOTE Agent[01]
1,talk,3,0,2,VOTE Agent[01]
1,talk,4,0,3,COMINGOUT Agent[03] SEER
1,talk,5,0,1,ESTIMATE Agent[06] WEREWOLF
1,talk,6,1,1,ESTIMATE Agent[03] WEREWOLF
1,talk,7,1,5,VOTE Agent[02]
1,talk,8,1,2,Skip
1,talk,9,1,3,DIVINED Agent[04] HUMAN
1,talk,10,1,6,Over
1,talk,11,1,4,DIVINED Agent[01] WEREWOLF
1,talk,12,2,4,ESTIMATE Agent[01] WEREWOLF
1,talk,13,2,6,Over
1,talk,14,2,2,Skip
1,talk,15,2,1,ESTIMATE Agent[04] WEREWOLF
1,talk,16,2,3,VOTE Agent[01]
1,talk,17,2,5,Skip
1,talk,18,3,2,Over
1,talk,19,3,6,Over
1,talk,20,3,5,Skip
1,talk,21,3,4,REQUEST ANY (DIVINATION Agent[01])
1,talk,22,3,3,Skip
1,talk,23,3,1,VOTE Agent[02]
1,talk,24,4,1,Skip
1,talk,25,4,4,VOTE Agent[01]
1,talk,26,4,3,Skip
1,talk,27,4,2,Over
1,talk,28,4,6,Over
1,talk,29,4,5,Over
1,talk,30,5,1,ESTIMATE Agent[04] WEREWOLF
1,talk,31,5,2,Over
1,talk,32,5,5,Over
1,talk,33,5,6,Over
1,talk,34,5,4,REQUEST ANY (VOTE Agent[01])
1,talk,35,5,3,Over
1,talk,36,6,4,Skip
1,talk,37,6,2,Over
1,talk,38,6,6,Over
1,talk,39,6,5,Over
1,talk,40,6,3,Over
1,talk,41,6,1,Skip
1,talk,42,7,4,Skip
1,talk,43,7,1,ESTIMATE Agent[04] WEREWOLF
1,talk,44,7,3,Over
1,talk,45,7,2,Over
1,talk,46,7,6,Over
1,talk,47,7,5,Over
1,talk,48,8,3,Over
1,talk,49,8,4,Over
1,talk,50,8,5,Over
1,talk,51,8,6,Over
1,talk,52,8,2,Over
1,talk,53,8,1,ESTIMATE Agent[04] WEREWOLF
1,talk,54,9,3,Over
1,talk,55,9,2,Over
1,talk,56,9,5,Over
1,talk,57,9,6,Over
1,talk,58,9,1,Over
1,talk,59,9,4,Over
1,vote,1,2
1,vote,2,1
1,vote,3,1
1,vote,4,1
1,vote,5,2
1,vote,6,2
1,vote,1,2
1,vote,2,1
1,vote,3,1
1,vote,4,1
1,vote,5,2
1,vote,6,2
1,execute,1,WEREWOLF
1,divine,3,6,HUMAN
2,status,1,WEREWOLF,DEAD,wasabi
2,status,2,VILLAGER,ALIVE,carlo
2,status,3,SEER,ALIVE,m_cre
2,status,4,POSSESSED,ALIVE,TOT
2,status,5,VILLAGER,ALIVE,wordwolf
2,status,6,VILLAGER,ALIVE,matatabi
2,result,5,0,VILLAGER
