0,status,1,SEER,ALIVE,S3
0,status,2,VILLAGER,ALIVE,S4
0,status,3,POSSESSED,ALIVE,S5
0,status,4,WEREWOLF,ALIVE,S1
0,status,5,VILLAGER,ALIVE,S2
0,status,6,VILLAGER,ALIVE,matatabi
0,divine,1,6,HUMAN
1,status,1,SEER,ALIVE,S3
1,status,2,VILLAGER,ALIVE,S4
1,status,3,POSSESSED,ALIVE,S5
1,status,4,WEREWOLF,ALIVE,S1
1,status,5,VILLAGER,ALIVE,S2
1,status,6,VILLAGER,ALIVE,matatabi
1,talk,0,0,3,Skip
1,talk,1,0,5,Skip
1,talk,2,0,1,COMINGOUT Agent[01] SEER
1,talk,3,0,4,Skip
1,talk,4,0,6,VOTE Agent[03]
1,talk,5,0,2,Skip
1,talk,6,1,3,COMINGOUT Agent[03] SEER
1,talk,7,1,1,DAY 1 (DIVINED Agent[06] HUMAN)
1,talk,8,1,4,Skip
1,talk,9,1,2,Skip
1,talk,10,1,5,Skip
1,talk,11,1,6,Over
1,talk,12,2,6,Over
1,talk,13,2,5,AND (VOTE Agent[02]) (REQUEST ANY (VOTE Agent[02]))
1,talk,14,2,1,BECAUSE (AND (COMINGOUT Agent[01] SEER) (Agent[03] COMINGOUT Agent[03] SEER)) (XOR (ESTIMATE Agent[03] WEREWOLF) (ESTIMATE Agent[03] POSSESSED))
1,talk,15,2,2,AND (VOTE Agent[01]) (REQUEST ANY (VOTE Agent[01]))
1,talk,16,2,4,AND (VOTE Agent[06]) (REQUEST ANY (VOTE Agent[06]))
1,talk,17,2,3,DAY 1 (DIVINED Agent[01] WEREWOLF)
1,talk,18,3,5,AND (VOTE Agent[06]) (REQUEST ANY (VOTE Agent[06]))
1,talk,19,3,1,BECAUSE (XOR (ESTIMATE Agent[03] WEREWOLF) (ESTIMATE Agent[03] POSSESSED)) (AND (VOTE Agent[03]) (REQUEST ANY (VOTE Agent[03])))
1,talk,20,3,6,Over
1,talk,21,3,4,Skip
1,talk,22,3,3,AND (VOTE Agent[01]) (REQUEST ANY (VOTE Agent[01]))
1,talk,23,3,2,AND (VOTE Agent[02]) (REQUEST ANY (VOTE Agent[02]))
1,talk,24,4,4,Skip
1,talk,25,4,3,Skip
1,talk,26,4,1,Skip
1,talk,27,4,6,Over
1,talk,28,4,5,Skip
1,talk,29,4,2,AND (VOTE Agent[06]) (REQUEST ANY (VOTE Agent[06]))
1,talk,30,5,5,Skip
1,talk,31,5,4,Over
1,talk,32,5,3,Skip
1,talk,33,5,2,Skip
1,talk,34,5,6,Over
1,talk,35,5,1,Skip
1,talk,36,6,3,Over
1,talk,37,6,4,Over
1,talk,38,6,5,Over
1,talk,39,6,2,Skip
1,talk,40,6,6,Over
1,talk,41,6,1,Over
1,talk,42,7,3,Over
1,talk,43,7,4,Over
1,talk,44,7,1,Over
1,talk,45,7,6,Over
1,talk,46,7,2,Over
1,talk,47,7,5,Over
1,vote,1,3
1,vote,2,6
1,vote,3,1
1,vote,4,6
1,vote,5,6
1,vote,6,4
1,execute,6,VILLAGER
1,divine,1,3,HUMAN
1,attackVote,4,1
1,attack,1,true
2,status,1,SEER,DEAD,S3
2,status,2,VILLAGER,ALIVE,S4
2,status,3,POSSESSED,ALIVE,S5
2,status,4,WEREWOLF,ALIVE,S1
2,status,5,VILLAGER,ALIVE,S2
2,status,6,VILLAGER,DEAD,matatabi
2,talk,0,0,2,BECAUSE (AND (ANY ATTACKED Agent[01]) (DAY 1 (Agent[03] DIVINED Agent[01] WEREWOLF))) (XOR (ESTIMATE Agent[03] WEREWOLF) (ESTIMATE Agent[03] POSSESSED))
2,talk,1,0,3,DAY 2 (DIVINED Agent[02] HUMAN)
2,talk,2,0,5,BECAUSE (AND (ANY ATTACKED Agent[01]) (DAY 1 (Agent[03] DIVINED Agent[01] WEREWOLF))) (XOR (ESTIMATE Agent[03] WEREWOLF) (ESTIMATE Agent[03] POSSESSED))
2,talk,3,0,4,BECAUSE (AND (NOT (COMINGOUT Agent[03] WEREWOLF)) (NOT (COMINGOUT Agent[01] WEREWOLF)) (DAY 1 (Agent[03] DIVINED Agent[01] WEREWOLF))) (ESTIMATE Agent[03] POSSESSED)
2,talk,4,1,5,Skip
2,talk,5,1,2,Skip
2,talk,6,1,4,Skip
2,talk,7,1,3,Skip
2,talk,8,2,4,BECAUSE (ESTIMATE Agent[03] POSSESSED) (AND (VOTE Agent[03]) (REQUEST ANY (VOTE Agent[03])))
2,talk,9,2,5,BECAUSE (XOR (ESTIMATE Agent[03] WEREWOLF) (ESTIMATE Agent[03] POSSESSED)) (AND (VOTE Agent[03]) (REQUEST ANY (VOTE Agent[03])))
2,talk,10,2,2,BECAUSE (XOR (ESTIMATE Agent[03] WEREWOLF) (ESTIMATE Agent[03] POSSESSED)) (AND (VOTE Agent[03]) (REQUEST ANY (VOTE Agent[03])))
2,talk,11,2,3,AND (VOTE Agent[06]) (REQUEST ANY (VOTE Agent[06]))
2,talk,12,3,4,Skip
2,talk,13,3,5,Skip
2,talk,14,3,2,Skip
2,talk,15,3,3,Skip
2,talk,16,4,5,Skip
2,talk,17,4,4,Skip
2,talk,18,4,3,Skip
2,talk,19,4,2,Skip
2,talk,20,5,2,Over
2,talk,21,5,5,Over
2,talk,22,5,3,Over
2,talk,23,5,4,Over
2,vote,2,3
2,vote,3,2
2,vote,4,3
2,vote,5,3
2,execute,3,POSSESSED
2,attackVote,4,2
2,attack,2,true
3,status,1,SEER,DEAD,S3
3,status,2,VILLAGER,DEAD,S4
3,status,3,POSSESSED,DEAD,S5
3,status,4,WEREWOLF,ALIVE,S1
3,status,5,VILLAGER,ALIVE,S2
3,status,6,VILLAGER,DEAD,matatabi
3,result,1,1,WEREWOLF
