0,status,1,POSSESSED,ALIVE,S3
0,status,2,SEER,ALIVE,S4
0,status,3,WEREWOLF,ALIVE,S5
0,status,4,VILLAGER,ALIVE,S1
0,status,5,VILLAGER,ALIVE,S2
0,status,6,VILLAGER,ALIVE,matatabi
0,divine,2,6,HUMAN
1,status,1,POSSESSED,ALIVE,S3
1,status,2,SEER,ALIVE,S4
1,status,3,WEREWOLF,ALIVE,S5
1,status,4,VILLAGER,ALIVE,S1
1,status,5,VILLAGER,ALIVE,S2
1,status,6,VILLAGER,ALIVE,matatabi
1,talk,0,0,5,Skip
1,talk,1,0,1,Skip
1,talk,2,0,4,Skip
1,talk,3,0,6,VOTE Agent[02]
1,talk,4,0,3,Skip
1,talk,5,0,2,Skip
1,talk,6,1,5,Skip
1,talk,7,1,4,Skip
1,talk,8,1,1,Skip
1,talk,9,1,3,Skip
1,talk,10,1,2,Skip
1,talk,11,1,6,Over
1,talk,12,2,1,AND (VOTE Agent[02]) (REQUEST ANY (VOTE Agent[02]))
1,talk,13,2,2,AND (VOTE Agent[01]) (REQUEST ANY (VOTE Agent[01]))
1,talk,14,2,3,AND (VOTE Agent[06]) (REQUEST ANY (VOTE Agent[06]))
1,talk,15,2,5,AND (VOTE Agent[04]) (REQUEST ANY (VOTE Agent[04]))
1,talk,16,2,4,AND (VOTE Agent[03]) (REQUEST ANY (VOTE Agent[03]))
1,talk,17,2,6,Over
1,talk,18,3,4,AND (VOTE Agent[02]) (REQUEST ANY (VOTE Agent[02]))
1,talk,19,3,6,Over
1,talk,20,3,2,Skip
1,talk,21,3,3,Skip
1,talk,22,3,1,Skip
1,talk,23,3,5,AND (VOTE Agent[03]) (REQUEST ANY (VOTE Agent[03]))
1,talk,24,4,1,Skip
1,talk,25,4,4,AND (VOTE Agent[06]) (REQUEST ANY (VOTE Agent[06]))
1,talk,26,4,3,Skip
1,talk,27,4,6,Over
1,talk,28,4,5,AND (VOTE Agent[02]) (REQUEST ANY (VOTE Agent[02]))
1,talk,29,4,2,Skip
1,talk,30,5,6,Over
1,talk,31,5,4,AND (VOTE Agent[01]) (REQUEST ANY (VOTE Agent[01]))
1,talk,32,5,5,AND (VOTE Agent[01]) (REQUEST ANY (VOTE Agent[01]))
1,talk,33,5,1,Over
1,talk,34,5,2,Over
1,talk,35,5,3,Over
1,talk,36,6,4,AND (VOTE Agent[02]) (REQUEST ANY (VOTE Agent[02]))
1,talk,37,6,2,Over
1,talk,38,6,1,Over
1,talk,39,6,5,AND (VOTE Agent[06]) (REQUEST ANY (VOTE Agent[06]))
1,talk,40,6,6,Over
1,talk,41,6,3,Over
1,talk,42,7,6,Over
1,talk,43,7,1,Over
1,talk,44,7,3,Over
1,talk,45,7,2,Over
1,talk,46,7,5,AND (VOTE Agent[02]) (REQUEST ANY (VOTE Agent[02]))
1,talk,47,7,4,AND (VOTE Agent[06]) (REQUEST ANY (VOTE Agent[06]))
1,talk,48,8,6,Over
1,talk,49,8,5,AND (VOTE Agent[06]) (REQUEST ANY (VOTE Agent[06]))
1,talk,50,8,1,Over
1,talk,51,8,4,Skip
1,talk,52,8,3,Over
1,talk,53,8,2,Over
1,talk,54,9,4,AND (VOTE Agent[02]) (REQUEST ANY (VOTE Agent[02]))
1,talk,55,9,3,Over
1,talk,56,9,2,Over
1,talk,57,9,6,Over
1,talk,58,9,1,Over
1,talk,59,9,5,Skip
1,talk,60,10,5,AND (VOTE Agent[02]) (REQUEST ANY (VOTE Agent[02]))
1,talk,61,10,2,Over
1,talk,62,10,1,Over
1,talk,63,10,6,Over
1,talk,64,10,4,Skip
1,talk,65,10,3,Over
1,talk,66,11,4,AND (VOTE Agent[01]) (REQUEST ANY (VOTE Agent[01]))
1,talk,67,11,1,Over
1,talk,68,11,6,Over
1,talk,69,11,2,Over
1,talk,70,11,5,Skip
1,talk,71,11,3,Over
1,talk,72,12,3,Over
1,talk,73,12,5,AND (VOTE Agent[06]) (REQUEST ANY (VOTE Agent[06]))
1,talk,74,12,6,Over
1,talk,75,12,1,Over
1,talk,76,12,4,Skip
1,talk,77,12,2,Over
1,talk,78,13,2,Over
1,talk,79,13,3,Over
1,talk,80,13,5,Skip
1,talk,81,13,4,Skip
1,talk,82,13,6,Over
1,talk,83,13,1,Over
1,talk,84,14,3,Over
1,talk,85,14,2,Over
1,talk,86,14,6,Over
1,talk,87,14,5,Skip
1,talk,88,14,4,Over
1,talk,89,14,1,Over
1,talk,90,15,4,Over
1,talk,91,15,3,Over
1,talk,92,15,1,Over
1,talk,93,15,5,Over
1,talk,94,15,6,Over
1,talk,95,15,2,Over
1,vote,1,2
1,vote,2,1
1,vote,3,6
1,vote,4,1
1,vote,5,6
1,vote,6,3
1,vote,1,6
1,vote,2,1
1,vote,3,6
1,vote,4,1
1,vote,5,1
1,vote,6,3
1,execute,1,POSSESSED
1,divine,2,3,WEREWOLF
1,attackVote,3,6
1,attack,6,true
2,status,1,POSSESSED,DEAD,S3
2,status,2,SEER,ALIVE,S4
2,status,3,WEREWOLF,ALIVE,S5
2,status,4,VILLAGER,ALIVE,S1
2,status,5,VILLAGER,ALIVE,S2
2,status,6,VILLAGER,DEAD,matatabi
2,talk,0,0,5,Skip
2,talk,1,0,2,COMINGOUT Agent[02] SEER
2,talk,2,0,4,Skip
2,talk,3,0,3,Skip
2,talk,4,1,2,AND (DAY 1 (DIVINED Agent[06] HUMAN)) (DAY 2 (DIVINED Agent[03] WEREWOLF))
2,talk,5,1,4,Skip
2,talk,6,1,3,COMINGOUT Agent[03] SEER
2,talk,7,1,5,Skip
2,talk,8,2,5,AND (VOTE Agent[03]) (REQUEST ANY (VOTE Agent[03]))
2,talk,9,2,4,AND (VOTE Agent[03]) (REQUEST ANY (VOTE Agent[03]))
2,talk,10,2,2,BECAUSE (DAY 2 (DIVINED Agent[03] WEREWOLF)) (REQUEST ANY (VOTE Agent[03]))
2,talk,11,2,3,BECAUSE (AND (COMINGOUT Agent[03] SEER) (Agent[02] COMINGOUT Agent[02] SEER)) (XOR (ESTIMATE Agent[02] WEREWOLF) (ESTIMATE Agent[02] POSSESSED))
2,talk,12,3,2,BECAUSE (DAY 2 (DIVINED Agent[03] WEREWOLF)) (AND (VOTE Agent[03]) (REQUEST ANY (VOTE Agent[03])))
2,talk,13,3,4,Skip
2,talk,14,3,3,AND (DAY 1 (DIVINED Agent[06] WEREWOLF)) (DAY 2 (DIVINED Agent[04] HUMAN))
2,talk,15,3,5,Skip
2,talk,16,4,4,Skip
2,talk,17,4,2,Skip
2,talk,18,4,5,Skip
2,talk,19,4,3,BECAUSE (XOR (ESTIMATE Agent[02] WEREWOLF) (ESTIMATE Agent[02] POSSESSED)) (AND (VOTE Agent[02]) (REQUEST ANY (VOTE Agent[02])))
2,talk,20,5,4,Over
2,talk,21,5,2,Skip
2,talk,22,5,5,Over
2,talk,23,5,3,Skip
2,talk,24,6,5,Over
2,talk,25,6,4,Over
2,talk,26,6,2,Over
2,talk,27,6,3,Skip
2,talk,28,7,2,Over
2,talk,29,7,3,Over
2,talk,30,7,5,Over
2,talk,31,7,4,Over
2,vote,2,3
2,vote,3,2
2,vote,4,3
2,vote,5,3
2,execute,3,WEREWOLF
2,divine,2,4,HUMAN
3,status,1,POSSESSED,DEAD,S3
3,status,2,SEER,ALIVE,S4
3,status,3,WEREWOLF,DEAD,S5
3,status,4,VILLAGER,ALIVE,S1
3,status,5,VILLAGER,ALIVE,S2
3,status,6,VILLAGER,DEAD,matatabi
3,result,3,0,VILLAGER
