0,status,1,POSSESSED,ALIVE,S3
0,status,2,VILLAGER,ALIVE,S4
0,status,3,VILLAGER,ALIVE,S5
0,status,4,WEREWOLF,ALIVE,S1
0,status,5,SEER,ALIVE,S2
0,status,6,VILLAGER,ALIVE,matatabi
0,divine,5,1,HUMAN
1,status,1,POSSESSED,ALIVE,S3
1,status,2,VILLAGER,ALIVE,S4
1,status,3,VILLAGER,ALIVE,S5
1,status,4,WEREWOLF,ALIVE,S1
1,status,5,SEER,ALIVE,S2
1,status,6,VILLAGER,ALIVE,matatabi
1,talk,0,0,4,Skip
1,talk,1,0,2,Skip
1,talk,2,0,5,Skip
1,talk,3,0,1,Skip
1,talk,4,0,6,VOTE Agent[01]
1,talk,5,0,3,Skip
1,talk,6,1,4,Skip
1,talk,7,1,2,Skip
1,talk,8,1,6,Over
1,talk,9,1,5,Skip
1,talk,10,1,1,Skip
1,talk,11,1,3,Skip
1,talk,12,2,2,AND (VOTE Agent[05]) (REQUEST ANY (VOTE Agent[05]))
1,talk,13,2,6,Over
1,talk,14,2,5,AND (VOTE Agent[06]) (REQUEST ANY (VOTE Agent[06]))
1,talk,15,2,1,AND (VOTE Agent[03]) (REQUEST ANY (VOTE Agent[03]))
1,talk,16,2,3,AND (VOTE Agent[02]) (REQUEST ANY (VOTE Agent[02]))
1,talk,17,2,4,AND (VOTE Agent[03]) (REQUEST ANY (VOTE Agent[03]))
1,talk,18,3,4,Skip
1,talk,19,3,5,Skip
1,talk,20,3,1,Skip
1,talk,21,3,2,AND (VOTE Agent[03]) (REQUEST ANY (VOTE Agent[03]))
1,talk,22,3,6,Over
1,talk,23,3,3,AND (VOTE Agent[03]) (REQUEST ANY (VOTE Agent[03]))
1,talk,24,4,4,Skip
1,talk,25,4,3,AND (VOTE Agent[06]) (REQUEST ANY (VOTE Agent[06]))
1,talk,26,4,5,Skip
1,talk,27,4,6,Over
1,talk,28,4,2,Skip
1,talk,29,4,1,Skip
1,talk,30,5,3,Skip
1,talk,31,5,5,Over
1,talk,32,5,4,Over
1,talk,33,5,6,Over
1,talk,34,5,2,AND (VOTE Agent[06]) (REQUEST ANY (VOTE Agent[06]))
1,talk,35,5,1,Over
1,talk,36,6,2,Skip
1,talk,37,6,6,Over
1,talk,38,6,5,Over
1,talk,39,6,3,AND (VOTE Agent[03]) (REQUEST ANY (VOTE Agent[03]))
1,talk,40,6,1,Over
1,talk,41,6,4,Over
1,talk,42,7,5,Over
1,talk,43,7,3,Skip
1,talk,44,7,4,Over
1,talk,45,7,1,Over
1,talk,46,7,6,Over
1,talk,47,7,2,AND (VOTE Agent[03]) (REQUEST ANY (VOTE Agent[03]))
1,talk,48,8,3,AND (VOTE Agent[06]) (REQUEST ANY (VOTE Agent[06]))
1,talk,49,8,6,Over
1,talk,50,8,5,Over
1,talk,51,8,1,Over
1,talk,52,8,2,Skip
1,talk,53,8,4,Over
1,talk,54,9,1,Over
1,talk,55,9,5,Over
1,talk,56,9,4,Over
1,talk,57,9,2,AND (VOTE Agent[06]) (REQUEST ANY (VOTE Agent[06]))
1,talk,58,9,3,Skip
1,talk,59,9,6,Over
1,talk,60,10,6,Over
1,talk,61,10,4,Over
1,talk,62,10,5,Over
1,talk,63,10,2,Skip
1,talk,64,10,1,Over
1,talk,65,10,3,AND (VOTE Agent[03]) (REQUEST ANY (VOTE Agent[03]))
1,talk,66,11,3,Skip
1,talk,67,11,6,Over
1,talk,68,11,2,AND (VOTE Agent[03]) (REQUEST ANY (VOTE Agent[03]))
1,talk,69,11,4,Over
1,talk,70,11,1,Over
1,talk,71,11,5,Over
1,talk,72,12,5,Over
1,talk,73,12,6,Over
1,talk,74,12,3,AND (VOTE Agent[06]) (REQUEST ANY (VOTE Agent[06]))
1,talk,75,12,4,Over
1,talk,76,12,1,Over
1,talk,77,12,2,Skip
1,talk,78,13,3,Skip
1,talk,79,13,4,Over
1,talk,80,13,5,Over
1,talk,81,13,2,Skip
1,talk,82,13,1,Over
1,talk,83,13,6,Over
1,talk,84,14,4,Over
1,talk,85,14,5,Over
1,talk,86,14,1,Over
1,talk,87,14,3,Skip
1,talk,88,14,6,Over
1,talk,89,14,2,Over
1,talk,90,15,3,Over
1,talk,91,15,4,Over
1,talk,92,15,2,Over
1,talk,93,15,1,Over
1,talk,94,15,5,Over
1,talk,95,15,6,Over
1,vote,1,3
1,vote,2,3
1,vote,3,6
1,vote,4,3
1,vote,5,6
1,vote,6,2
1,execute,3,VILLAGER
1,divine,5,4,WEREWOLF
1,attackVote,4,5
1,attack,5,true
2,status,1,POSSESSED,ALIVE,S3
2,status,2,VILLAGER,ALIVE,S4
2,status,3,VILLAGER,DEAD,S5
2,status,4,WEREWOLF,ALIVE,S1
2,status,5,SEER,DEAD,S2
2,status,6,VILLAGER,ALIVE,matatabi
2,talk,0,0,6,Over
2,talk,1,0,1,Skip
2,talk,2,0,2,Skip
2,talk,3,0,4,Skip
2,talk,4,1,4,Skip
2,talk,5,1,1,Skip
2,talk,6,1,6,Over
2,talk,7,1,2,Skip
2,talk,8,2,4,AND (VOTE Agent[01]) (REQUEST ANY (VOTE Agent[01]))
2,talk,9,2,6,Over
2,talk,10,2,1,AND (VOTE Agent[04]) (REQUEST ANY (VOTE Agent[04]))
2,talk,11,2,2,AND (VOTE Agent[01]) (REQUEST ANY (VOTE Agent[01]))
2,talk,12,3,1,Skip
2,talk,13,3,6,Over
2,talk,14,3,2,AND (VOTE Agent[04]) (REQUEST ANY (VOTE Agent[04]))
2,talk,15,3,4,Skip
2,talk,16,4,4,Skip
2,talk,17,4,1,Skip
2,talk,18,4,6,Over
2,talk,19,4,2,Skip
2,talk,20,5,1,Over
2,talk,21,5,2,Skip
2,talk,22,5,6,Over
2,talk,23,5,4,Over
2,talk,24,6,1,Over
2,talk,25,6,4,Over
2,talk,26,6,2,Over
2,talk,27,6,6,Over
2,vote,1,4
2,vote,2,4
2,vote,4,1
2,vote,6,4
2,execute,4,WEREWOLF
3,status,1,POSSESSED,ALIVE,S3
3,status,2,VILLAGER,ALIVE,S4
3,status,3,VILLAGER,DEAD,S5
3,status,4,WEREWOLF,DEAD,S1
3,status,5,SEER,DEAD,S2
3,status,6,VILLAGER,ALIVE,matatabi
3,result,3,0,VILLAGER
