0,status,1,VILLAGER,ALIVE,S3
0,status,2,VILLAGER,ALIVE,S4
0,status,3,VILLAGER,ALIVE,S5
0,status,4,WEREWOLF,ALIVE,S1
0,status,5,POSSESSED,ALIVE,S2
0,status,6,SEER,ALIVE,matatabi
0,divine,6,3,HUMAN
1,status,1,VILLAGER,ALIVE,S3
1,status,2,VILLAGER,ALIVE,S4
1,status,3,VILLAGER,ALIVE,S5
1,status,4,WEREWOLF,ALIVE,S1
1,status,5,POSSESSED,ALIVE,S2
1,status,6,SEER,ALIVE,matatabi
1,talk,0,0,3,Skip
1,talk,1,0,5,Skip
1,talk,2,0,1,Skip
1,talk,3,0,4,Skip
1,talk,4,0,2,Skip
1,talk,5,0,6,COMINGOUT Agent[06] SEER
1,talk,6,1,2,Skip
1,talk,7,1,3,Skip
1,talk,8,1,6,DIVINED Agent[03] HUMAN
1,talk,9,1,5,COMINGOUT Agent[05] SEER
1,talk,10,1,4,Skip
1,talk,11,1,1,Skip
1,talk,12,2,5,DAY 1 (DIVINED Agent[06] WEREWOLF)
1,talk,13,2,4,AND (VOTE Agent[03]) (REQUEST ANY (VOTE Agent[03]))
1,talk,14,2,1,AND (VOTE Agent[03]) (REQUEST ANY (VOTE Agent[03]))
1,talk,15,2,6,VOTE Agent[04]
1,talk,16,2,2,AND (VOTE Agent[04]) (REQUEST ANY (VOTE Agent[04]))
1,talk,17,2,3,AND (VOTE Agent[06]) (REQUEST ANY (VOTE Agent[06]))
1,talk,18,3,5,BECAUSE (DAY 1 (DIVINED Agent[06] WEREWOLF)) (REQUEST ANY (VOTE Agent[06]))
1,talk,19,3,2,AND (VOTE Agent[03]) (REQUEST ANY (VOTE Agent[03]))
1,talk,20,3,1,Skip
1,talk,21,3,6,Over
1,talk,22,3,4,Skip
1,talk,23,3,3,AND (VOTE Agent[03]) (REQUEST ANY (VOTE Agent[03]))
1,talk,24,4,1,Skip
1,talk,25,4,3,AND (VOTE Agent[06]) (REQUEST ANY (VOTE Agent[06]))
1,talk,26,4,4,Skip
1,talk,27,4,6,Over
1,talk,28,4,2,Skip
1,talk,29,4,5,BECAUSE (DAY 1 (DIVINED Agent[06] WEREWOLF)) (AND (VOTE Agent[06]) (REQUEST ANY (VOTE Agent[06])))
1,talk,30,5,6,Over
1,talk,31,5,2,AND (VOTE Agent[06]) (REQUEST ANY (VOTE Agent[06]))
1,talk,32,5,4,Over
1,talk,33,5,3,Skip
1,talk,34,5,5,Skip
1,talk,35,5,1,Over
1,talk,36,6,5,Skip
1,talk,37,6,6,Over
1,talk,38,6,3,Skip
1,talk,39,6,4,Over
1,talk,40,6,2,Skip
1,talk,41,6,1,Over
1,talk,42,7,2,Skip
1,talk,43,7,6,Over
1,talk,44,7,1,Over
1,talk,45,7,4,Over
1,talk,46,7,5,Over
1,talk,47,7,3,Over
1,talk,48,8,4,Over
1,talk,49,8,1,Over
1,talk,50,8,5,Over
1,talk,51,8,6,Over
1,talk,52,8,3,Over
1,talk,53,8,2,Over
1,vote,1,3
1,vote,2,6
1,vote,3,6
1,vote,4,3
1,vote,5,6
1,vote,6,1
1,execute,6,SEER
1,attackVote,4,1
1,attack,1,true
2,status,1,VILLAGER,DEAD,S3
2,status,2,VILLAGER,ALIVE,S4
2,status,3,VILLAGER,ALIVE,S5
2,status,4,WEREWOLF,ALIVE,S1
2,status,5,POSSESSED,ALIVE,S2
2,status,6,SEER,DEAD,matatabi
2,talk,0,0,2,Skip
2,talk,1,0,5,DAY 2 (DIVINED Agent[04] HUMAN)
2,talk,2,0,4,Skip
2,talk,3,0,3,Skip
2,talk,4,1,5,Skip
2,talk,5,1,4,Skip
2,talk,6,1,2,Skip
2,talk,7,1,3,Skip
2,talk,8,2,2,AND (VOTE Agent[05]) (REQUEST ANY (VOTE Agent[05]))
2,talk,9,2,3,AND (VOTE Agent[04]) (REQUEST ANY (VOTE Agent[04]))
2,talk,10,2,4,AND (VOTE Agent[02]) (REQUEST ANY (VOTE Agent[02]))
2,talk,11,2,5,AND (VOTE Agent[03]) (REQUEST ANY (VOTE Agent[03]))
2,talk,12,3,2,AND (VOTE Agent[04]) (REQUEST ANY (VOTE Agent[04]))
2,talk,13,3,3,AND (VOTE Agent[03]) (REQUEST ANY (VOTE Agent[03]))
2,talk,14,3,5,Skip
2,talk,15,3,4,Skip
2,talk,16,4,5,Skip
2,talk,17,4,3,Skip
2,talk,18,4,2,AND (VOTE Agent[02]) (REQUEST ANY (VOTE Agent[02]))
2,talk,19,4,4,Skip
2,talk,20,5,4,Over
2,talk,21,5,5,Over
2,talk,22,5,2,Skip
2,talk,23,5,3,Skip
2,talk,24,6,2,Skip
2,talk,25,6,5,Over
2,talk,26,6,4,Over
2,talk,27,6,3,Over
2,talk,28,7,3,Over
2,talk,29,7,4,Over
2,talk,30,7,5,Over
2,talk,31,7,2,Over
2,vote,2,4
2,vote,3,2
2,vote,4,2
2,vote,5,3
2,execute,2,VILLAGER
2,attackVote,4,3
2,attack,3,true
3,status,1,VILLAGER,DEAD,S3
3,status,2,VILLAGER,DEAD,S4
3,status,3,VILLAGER,DEAD,S5
3,status,4,WEREWOLF,ALIVE,S1
3,status,5,POSSESSED,ALIVE,S2
3,status,6,SEER,DEAD,matatabi
3,result,1,1,WEREWOLF
