0,status,1,VILLAGER,ALIVE,S3
0,status,2,SEER,ALIVE,S4
0,status,3,VILLAGER,ALIVE,S5
0,status,4,POSSESSED,ALIVE,S1
0,status,5,VILLAGER,ALIVE,S2
0,status,6,WEREWOLF,ALIVE,matatabi
0,divine,2,3,HUMAN
1,status,1,VILLAGER,ALIVE,S3
1,status,2,SEER,ALIVE,S4
1,status,3,VILLAGER,ALIVE,S5
1,status,4,POSSESSED,ALIVE,S1
1,status,5,VILLAGER,ALIVE,S2
1,status,6,WEREWOLF,ALIVE,matatabi
1,talk,0,0,4,Skip
1,talk,1,0,3,Skip
1,talk,2,0,1,Skip
1,talk,3,0,5,Skip
1,talk,4,0,6,VOTE Agent[03]
1,talk,5,0,2,Skip
1,talk,6,1,4,Skip
1,talk,7,1,3,Skip
1,talk,8,1,6,Over
1,talk,9,1,2,Skip
1,talk,10,1,1,Skip
1,talk,11,1,5,Skip
1,talk,12,2,2,AND (VOTE Agent[04]) (REQUEST ANY (VOTE Agent[04]))
1,talk,13,2,3,AND (VOTE Agent[02]) (REQUEST ANY (VOTE Agent[02]))
1,talk,14,2,5,AND (VOTE Agent[03]) (REQUEST ANY (VOTE Agent[03]))
1,talk,15,2,4,AND (VOTE Agent[02]) (REQUEST ANY (VOTE Agent[02]))
1,talk,16,2,6,Over
1,talk,17,2,1,AND (VOTE Agent[02]) (REQUEST ANY (VOTE Agent[02]))
1,talk,18,3,4,Skip
1,talk,19,3,6,Over
1,talk,20,3,1,Skip
1,talk,21,3,2,Skip
1,talk,22,3,3,AND (VOTE Agent[04]) (REQUEST ANY (VOTE Agent[04]))
1,talk,23,3,5,AND (VOTE Agent[04]) (REQUEST ANY (VOTE Agent[04]))
1,talk,24,4,2,Skip
1,talk,25,4,3,AND (VOTE Agent[02]) (REQUEST ANY (VOTE Agent[02]))
1,talk,26,4,5,Skip
1,talk,27,4,4,Skip
1,talk,28,4,6,Over
1,talk,29,4,1,AND (VOTE Agent[04]) (REQUEST ANY (VOTE Agent[04]))
1,talk,30,5,6,Over
1,talk,31,5,3,AND (VOTE Agent[04]) (REQUEST ANY (VOTE Agent[04]))
1,talk,32,5,5,AND (VOTE Agent[02]) (REQUEST ANY (VOTE Agent[02]))
1,talk,33,5,2,Over
1,talk,34,5,4,Over
1,talk,35,5,1,Skip
1,talk,36,6,1,AND (VOTE Agent[02]) (REQUEST ANY (VOTE Agent[02]))
1,talk,37,6,4,Over
1,talk,38,6,2,Over
1,talk,39,6,3,Skip
1,talk,40,6,6,Over
1,talk,41,6,5,AND (VOTE Agent[04]) (REQUEST ANY (VOTE Agent[04]))
1,talk,42,7,1,Skip
1,talk,43,7,4,Over
1,talk,44,7,3,Skip
1,talk,45,7,6,Over
1,talk,46,7,5,AND (VOTE Agent[02]) (REQUEST ANY (VOTE Agent[02]))
1,talk,47,7,2,Over
1,talk,48,8,4,Over
1,talk,49,8,6,Over
1,talk,50,8,1,Skip
1,talk,51,8,2,Over
1,talk,52,8,5,Skip
1,talk,53,8,3,AND (VOTE Agent[02]) (REQUEST ANY (VOTE Agent[02]))
1,talk,54,9,1,Over
1,talk,55,9,2,Over
1,talk,56,9,4,Over
1,talk,57,9,6,Over
1,talk,58,9,5,AND (VOTE Agent[04]) (REQUEST ANY (VOTE Agent[04]))
1,talk,59,9,3,Skip
1,talk,60,10,2,Over
1,talk,61,10,6,Over
1,talk,62,10,3,AND (VOTE Agent[04]) (REQUEST ANY (VOTE Agent[04]))
1,talk,63,10,4,Over
1,talk,64,10,1,AND (VOTE Agent[04]) (REQUEST ANY (VOTE Agent[04]))
1,talk,65,10,5,Skip
1,talk,66,11,1,Skip
1,talk,67,11,2,Over
1,talk,68,11,4,Over
1,talk,69,11,3,Skip
1,talk,70,11,6,Over
1,talk,71,11,5,Skip
1,talk,72,12,2,Over
1,talk,73,12,1,Skip
1,talk,74,12,5,Over
1,talk,75,12,4,Over
1,talk,76,12,6,Over
1,talk,77,12,3,Skip
1,talk,78,13,2,Over
1,talk,79,13,5,Over
1,talk,80,13,1,Over
1,talk,81,13,3,Over
1,talk,82,13,6,Over
1,talk,83,13,4,Over
1,vote,1,4
1,vote,2,4
1,vote,3,4
1,vote,4,2
1,vote,5,4
1,vote,6,4
1,execute,4,POSSESSED
1,divine,2,5,HUMAN
1,attackVote,6,5
1,attack,5,true
2,status,1,VILLAGER,ALIVE,S3
2,status,2,SEER,ALIVE,S4
2,status,3,VILLAGER,ALIVE,S5
2,status,4,POSSESSED,DEAD,S1
2,status,5,VILLAGER,DEAD,S2
2,status,6,WEREWOLF,ALIVE,matatabi
2,talk,0,0,6,Over
2,talk,1,0,3,Skip
2,talk,2,0,2,COMINGOUT Agent[02] SEER
2,talk,3,0,1,Skip
2,talk,4,1,3,Skip
2,talk,5,1,2,AND (DAY 1 (DIVINED Agent[03] HUMAN)) (DAY 2 (DIVINED Agent[05] HUMAN))
2,talk,6,1,6,Over
2,talk,7,1,1,Skip
2,talk,8,2,6,Over
2,talk,9,2,3,AND (VOTE Agent[06]) (REQUEST ANY (VOTE Agent[06]))
2,talk,10,2,1,AND (VOTE Agent[06]) (REQUEST ANY (VOTE Agent[06]))
2,talk,11,2,2,AND (VOTE Agent[04]) (REQUEST ANY (VOTE Agent[04]))
2,talk,12,3,6,Over
2,talk,13,3,3,AND (VOTE Agent[04]) (REQUEST ANY (VOTE Agent[04]))
2,talk,14,3,2,Skip
2,talk,15,3,1,AND (VOTE Agent[04]) (REQUEST ANY (VOTE Agent[04]))
2,talk,16,4,3,Skip
2,talk,17,4,2,Skip
2,talk,18,4,1,Skip
2,talk,19,4,6,Over
2,talk,20,5,1,AND (VOTE Agent[02]) (REQUEST ANY (VOTE Agent[02]))
2,talk,21,5,2,Over
2,talk,22,5,6,Over
2,talk,23,5,3,AND (VOTE Agent[02]) (REQUEST ANY (VOTE Agent[02]))
2,talk,24,6,3,Skip
2,talk,25,6,1,AND (VOTE Agent[04]) (REQUEST ANY (VOTE Agent[04]))
2,talk,26,6,6,Over
2,talk,27,6,2,Over
2,talk,28,7,6,Over
2,talk,29,7,2,Over
2,talk,30,7,1,AND (VOTE Agent[02]) (REQUEST ANY (VOTE Agent[02]))
2,talk,31,7,3,AND (VOTE Agent[04]) (REQUEST ANY (VOTE Agent[04]))
2,talk,32,8,2,Over
2,talk,33,8,6,Over
2,talk,34,8,1,AND (VOTE Agent[04]) (REQUEST ANY (VOTE Agent[04]))
2,talk,35,8,3,Skip
2,talk,36,9,6,Over
2,talk,37,9,1,AND (VOTE Agent[02]) (REQUEST ANY (VOTE Agent[02]))
2,talk,38,9,3,Skip
2,talk,39,9,2,Over
2,talk,40,10,2,Over
2,talk,41,10,1,Skip
2,talk,42,10,6,Over
2,talk,43,10,3,Over
2,talk,44,11,3,AND (VOTE Agent[01]) (REQUEST ANY (VOTE Agent[01]))
2,talk,45,11,6,Over
2,talk,46,11,2,Over
2,talk,47,11,1,Skip
2,talk,48,12,3,Skip
2,talk,49,12,2,Over
2,talk,50,12,1,AND (VOTE Agent[04]) (REQUEST ANY (VOTE Agent[04]))
2,talk,51,12,6,Over
2,talk,52,13,2,Over
2,talk,53,13,6,Over
2,talk,54,13,3,AND (VOTE Agent[04]) (REQUEST ANY (VOTE Agent[04]))
2,talk,55,13,1,AND (VOTE Agent[03]) (REQUEST ANY (VOTE Agent[03]))
2,talk,56,14,3,Skip
2,talk,57,14,6,Over
2,talk,58,14,1,AND (VOTE Agent[04]) (REQUEST ANY (VOTE Agent[04]))
2,talk,59,14,2,Over
2,talk,60,15,1,Over
2,talk,61,15,6,Over
2,talk,62,15,3,Skip
2,talk,63,15,2,Over
2,talk,64,16,2,Over
2,talk,65,16,6,Over
2,talk,66,16,1,Over
2,talk,67,16,3,AND (VOTE Agent[01]) (REQUEST ANY (VOTE Agent[01]))
2,talk,68,17,6,Over
2,talk,69,17,2,Over
2,talk,70,17,1,Over
2,talk,71,17,3,Skip
2,talk,72,18,1,Over
2,talk,73,18,2,Over
2,talk,74,18,6,Over
2,talk,75,18,3,Skip
2,talk,76,19,2,Over
2,talk,77,19,6,Over
2,talk,78,19,3,Over
2,talk,79,19,1,Over
2,vote,1,2
2,vote,2,6
2,vote,3,1
2,vote,6,2
2,execute,2,SEER
2,attackVote,6,1
2,attack,1,true
3,status,1,VILLAGER,DEAD,S3
3,status,2,SEER,DEAD,S4
3,status,3,VILLAGER,ALIVE,S5
3,status,4,POSSESSED,DEAD,S1
3,status,5,VILLAGER,DEAD,S2
3,status,6,WEREWOLF,ALIVE,matatabi
3,result,1,1,WEREWOLF
