0,status,1,VILLAGER,ALIVE,S3
0,status,2,WEREWOLF,ALIVE,S4
0,status,3,POSSESSED,ALIVE,S5
0,status,4,VILLAGER,ALIVE,S1
0,status,5,SEER,ALIVE,S2
0,status,6,VILLAGER,ALIVE,matatabi
0,divine,5,2,WEREWOLF
1,status,1,VILLAGER,ALIVE,S3
1,status,2,WEREWOLF,ALIVE,S4
1,status,3,POSSESSED,ALIVE,S5
1,status,4,VILLAGER,ALIVE,S1
1,status,5,SEER,ALIVE,S2
1,status,6,VILLAGER,ALIVE,matatabi
1,talk,0,0,1,Skip
1,talk,1,0,3,Skip
1,talk,2,0,6,VOTE Agent[03]
1,talk,3,0,4,Skip
1,talk,4,0,2,Skip
1,talk,5,0,5,COMINGOUT Agent[05] SEER
1,talk,6,1,6,Over
1,talk,7,1,5,DAY 1 (DIVINED Agent[02] WEREWOLF)
1,talk,8,1,4,Skip
1,talk,9,1,3,COMINGOUT Agent[03] SEER
1,talk,10,1,2,COMINGOUT Agent[02] SEER
1,talk,11,1,1,Skip
1,talk,12,2,1,AND (VOTE Agent[06]) (REQUEST ANY (VOTE Agent[06]))
1,talk,13,2,6,Over
1,talk,14,2,4,AND (VOTE Agent[03]) (REQUEST ANY (VOTE Agent[03]))
1,talk,15,2,5,BECAUSE (DAY 1 (DIVINED Agent[02] WEREWOLF)) (REQUEST ANY (VOTE Agent[02]))
1,talk,16,2,3,DAY 1 (DIVINED Agent[05] WEREWOLF)
1,talk,17,2,2,DAY 1 (DIVINED Agent[03] WEREWOLF)
1,talk,18,3,6,Over
1,talk,19,3,5,BECAUSE (DAY 1 (DIVINED Agent[02] WEREWOLF)) (AND (VOTE Agent[02]) (REQUEST ANY (VOTE Agent[02])))
1,talk,20,3,3,BECAUSE (DAY 1 (DIVINED Agent[05] WEREWOLF)) (REQUEST ANY (VOTE Agent[05]))
1,talk,21,3,2,AND (VOTE Agent[03]) (REQUEST ANY (VOTE Agent[03]))
1,talk,22,3,4,AND (VOTE Agent[06]) (REQUEST ANY (VOTE Agent[06]))
1,talk,23,3,1,AND (VOTE Agent[02]) (REQUEST ANY (VOTE Agent[02]))
1,talk,24,4,3,BECAUSE (DAY 1 (DIVINED Agent[05] WEREWOLF)) (AND (VOTE Agent[05]) (REQUEST ANY (VOTE Agent[05])))
1,talk,25,4,5,Skip
1,talk,26,4,2,Skip
1,talk,27,4,1,AND (VOTE Agent[06]) (REQUEST ANY (VOTE Agent[06]))
1,talk,28,4,4,AND (VOTE Agent[02]) (REQUEST ANY (VOTE Agent[02]))
1,talk,29,4,6,Over
1,talk,30,5,6,Over
1,talk,31,5,5,Skip
1,talk,32,5,4,Skip
1,talk,33,5,2,Skip
1,talk,34,5,1,AND (VOTE Agent[02]) (REQUEST ANY (VOTE Agent[02]))
1,talk,35,5,3,Skip
1,talk,36,6,2,Over
1,talk,37,6,4,AND (VOTE Agent[05]) (REQUEST ANY (VOTE Agent[05]))
1,talk,38,6,6,Over
1,talk,39,6,1,Skip
1,talk,40,6,3,Skip
1,talk,41,6,5,Over
1,talk,42,7,3,Over
1,talk,43,7,1,AND (VOTE Agent[03]) (REQUEST ANY (VOTE Agent[03]))
1,talk,44,7,6,Over
1,talk,45,7,5,Over
1,talk,46,7,2,Over
1,talk,47,7,4,Skip
1,talk,48,8,2,Over
1,talk,49,8,1,Skip
1,talk,50,8,5,Over
1,talk,51,8,6,Over
1,talk,52,8,4,AND (VOTE Agent[03]) (REQUEST ANY (VOTE Agent[03]))
1,talk,53,8,3,Over
1,talk,54,9,4,Skip
1,talk,55,9,5,Over
1,talk,56,9,1,AND (VOTE Agent[05]) (REQUEST ANY (VOTE Agent[05]))
1,talk,57,9,6,Over
1,talk,58,9,3,Over
1,talk,59,9,2,Over
1,talk,60,10,4,AND (VOTE Agent[02]) (REQUEST ANY (VOTE Agent[02]))
1,talk,61,10,3,Over
1,talk,62,10,2,Over
1,talk,63,10,5,Over
1,talk,64,10,6,Over
1,talk,65,10,1,Skip
1,talk,66,11,5,Over
1,talk,67,11,2,Over
1,talk,68,11,6,Over
1,talk,69,11,3,Over
1,talk,70,11,1,AND (VOTE Agent[02]) (REQUEST ANY (VOTE Agent[02]))
1,talk,71,11,4,Skip
1,talk,72,12,5,Over
1,talk,73,12,6,Over
1,talk,74,12,3,Over
1,talk,75,12,1,Skip
1,talk,76,12,2,Over
1,talk,77,12,4,AND (VOTE Agent[03]) (REQUEST ANY (VOTE Agent[03]))
1,talk,78,13,2,Over
1,talk,79,13,6,Over
1,talk,80,13,5,Over
1,talk,81,13,1,AND (VOTE Agent[05]) (REQUEST ANY (VOTE Agent[05]))
1,talk,82,13,4,Skip
1,talk,83,13,3,Over
1,talk,84,14,1,Skip
1,talk,85,14,6,Over
1,talk,86,14,2,Over
1,talk,87,14,4,Skip
1,talk,88,14,3,Over
1,talk,89,14,5,Over
1,talk,90,15,6,Over
1,talk,91,15,1,Skip
1,talk,92,15,2,Over
1,talk,93,15,4,Over
1,talk,94,15,3,Over
1,talk,95,15,5,Over
1,talk,96,16,5,Over
1,talk,97,16,6,Over
1,talk,98,16,2,Over
1,talk,99,16,4,Over
1,talk,100,16,3,Over
1,talk,101,16,1,Over
1,vote,1,5
1,vote,2,3
1,vote,3,5
1,vote,4,3
1,vote,5,2
1,vote,6,2
1,vote,1,2
1,vote,2,3
1,vote,3,5
1,vote,4,2
1,vote,5,2
1,vote,6,2
1,execute,2,WEREWOLF
1,divine,5,1,HUMAN
2,status,1,VILLAGER,ALIVE,S3
2,status,2,WEREWOLF,DEAD,S4
2,status,3,POSSESSED,ALIVE,S5
2,status,4,VILLAGER,ALIVE,S1
2,status,5,SEER,ALIVE,S2
2,status,6,VILLAGER,ALIVE,matatabi
2,result,5,0,VILLAGER
