0,status,1,WEREWOLF,ALIVE,S3
0,status,2,VILLAGER,ALIVE,S4
0,status,3,VILLAGER,ALIVE,S5
0,status,4,SEER,ALIVE,S1
0,status,5,VILLAGER,ALIVE,S2
0,status,6,POSSESSED,ALIVE,matatabi
0,divine,4,2,HUMAN
1,status,1,WEREWOLF,ALIVE,S3
1,status,2,VILLAGER,ALIVE,S4
1,status,3,VILLAGER,ALIVE,S5
1,status,4,SEER,ALIVE,S1
1,status,5,VILLAGER,ALIVE,S2
1,status,6,POSSESSED,ALIVE,matatabi
1,talk,0,0,6,COMINGOUT Agent[06] SEER
1,talk,1,0,4,COMINGOUT Agent[04] SEER
1,talk,2,0,3,Skip
1,talk,3,0,1,Skip
1,talk,4,0,2,Skip
1,talk,5,0,5,Skip
1,talk,6,1,2,Skip
1,talk,7,1,4,DAY 1 (DIVINED Agent[02] HUMAN)
1,talk,8,1,3,Skip
1,talk,9,1,6,DIVINED Agent[02] HUMAN
1,talk,10,1,5,Skip
1,talk,11,1,1,COMINGOUT Agent[01] SEER
1,talk,12,2,5,AND (VOTE Agent[01]) (REQUEST ANY (VOTE Agent[01]))
1,talk,13,2,2,AND (VOTE Agent[05]) (REQUEST ANY (VOTE Agent[05]))
1,talk,14,2,4,BECAUSE (AND (COMINGOUT Agent[04] SEER) (Agent[06] COMINGOUT Agent[06] SEER)) (XOR (ESTIMATE Agent[06] WEREWOLF) (ESTIMATE Agent[06] POSSESSED))
1,talk,15,2,3,AND (VOTE Agent[02]) (REQUEST ANY (VOTE Agent[02]))
1,talk,16,2,6,Over
1,talk,17,2,1,DAY 1 (DIVINED Agent[06] WEREWOLF)
1,talk,18,3,5,AND (VOTE Agent[02]) (REQUEST ANY (VOTE Agent[02]))
1,talk,19,3,3,AND (VOTE Agent[05]) (REQUEST ANY (VOTE Agent[05]))
1,talk,20,3,2,AND (VOTE Agent[02]) (REQUEST ANY (VOTE Agent[02]))
1,talk,21,3,6,Over
1,talk,22,3,1,AND (VOTE Agent[06]) (REQUEST ANY (VOTE Agent[06]))
1,talk,23,3,4,BECAUSE (XOR (ESTIMATE Agent[06] WEREWOLF) (ESTIMATE Agent[06] POSSESSED)) (AND (VOTE Agent[06]) (REQUEST ANY (VOTE Agent[06])))
1,talk,24,4,3,AND (VOTE Agent[06]) (REQUEST ANY (VOTE Agent[06]))
1,talk,25,4,5,AND (VOTE Agent[05]) (REQUEST ANY (VOTE Agent[05]))
1,talk,26,4,2,AND (VOTE Agent[05]) (REQUEST ANY (VOTE Agent[05]))
1,talk,27,4,4,Skip
1,talk,28,4,1,Skip
1,talk,29,4,6,Over
1,talk,30,5,2,AND (VOTE Agent[06]) (REQUEST ANY (VOTE Agent[06]))
1,talk,31,5,1,Skip
1,talk,32,5,6,Over
1,talk,33,5,3,Skip
1,talk,34,5,4,Skip
1,talk,35,5,5,AND (VOTE Agent[06]) (REQUEST ANY (VOTE Agent[06]))
1,talk,36,6,3,Skip
1,talk,37,6,4,Over
1,talk,38,6,6,Over
1,talk,39,6,1,Over
1,talk,40,6,5,Skip
1,talk,41,6,2,Skip
1,talk,42,7,2,Skip
1,talk,43,7,3,Over
1,talk,44,7,5,Skip
1,talk,45,7,4,Over
1,talk,46,7,6,Over
1,talk,47,7,1,Over
1,talk,48,8,1,Over
1,talk,49,8,6,Over
1,talk,50,8,4,Over
1,talk,51,8,2,Over
1,talk,52,8,5,Over
1,talk,53,8,3,Over
1,vote,1,6
1,vote,2,6
1,vote,3,6
1,vote,4,6
1,vote,5,6
1,vote,6,1
1,execute,6,POSSESSED
1,divine,4,1,WEREWOLF
1,attackVote,1,4
1,attack,4,true
2,status,1,WEREWOLF,ALIVE,S3
2,status,2,VILLAGER,ALIVE,S4
2,status,3,VILLAGER,ALIVE,S5
2,status,4,SEER,DEAD,S1
2,status,5,VILLAGER,ALIVE,S2
2,status,6,POSSESSED,DEAD,matatabi
2,talk,0,0,5,Skip
2,talk,1,0,2,Skip
2,talk,2,0,3,Skip
2,talk,3,0,1,DAY 2 (DIVINED Agent[03] HUMAN)
2,talk,4,1,1,Skip
2,talk,5,1,2,Skip
2,talk,6,1,5,Skip
2,talk,7,1,3,Skip
2,talk,8,2,3,AND (VOTE Agent[02]) (REQUEST ANY (VOTE Agent[02]))
2,talk,9,2,2,AND (VOTE Agent[05]) (REQUEST ANY (VOTE Agent[05]))
2,talk,10,2,1,AND (VOTE Agent[05]) (REQUEST ANY (VOTE Agent[05]))
2,talk,11,2,5,AND (VOTE Agent[03]) (REQUEST ANY (VOTE Agent[03]))
2,talk,12,3,1,Skip
2,talk,13,3,2,AND (VOTE Agent[03]) (REQUEST ANY (VOTE Agent[03]))
2,talk,14,3,3,AND (VOTE Agent[03]) (REQUEST ANY (VOTE Agent[03]))
2,talk,15,3,5,AND (VOTE Agent[05]) (REQUEST ANY (VOTE Agent[05]))
2,talk,16,4,2,Skip
2,talk,17,4,5,Skip
2,talk,18,4,1,Skip
2,talk,19,4,3,AND (VOTE Agent[05]) (REQUEST ANY (VOTE Agent[05]))
2,talk,20,5,1,Over
2,talk,21,5,2,AND (VOTE Agent[05]) (REQUEST ANY (VOTE Agent[05]))
2,talk,22,5,3,Skip
2,talk,23,5,5,Skip
2,talk,24,6,3,Skip
2,talk,25,6,1,Over
2,talk,26,6,2,Skip
2,talk,27,6,5,Over
2,talk,28,7,2,Skip
2,talk,29,7,3,Over
2,talk,30,7,5,Over
2,talk,31,7,1,Over
2,talk,32,8,5,Over
2,talk,33,8,2,Over
2,talk,34,8,1,Over
2,talk,35,8,3,Over
2,vote,1,5
2,vote,2,5
2,vote,3,5
2,vote,5,1
2,execute,5,VILLAGER
2,attackVote,1,3
2,attack,3,true
3,status,1,WEREWOLF,ALIVE,S3
3,status,2,VILLAGER,ALIVE,S4
3,status,3,VILLAGER,DEAD,S5
3,status,4,SEER,DEAD,S1
3,status,5,VILLAGER,DEAD,S2
3,status,6,POSSESSED,DEAD,matatabi
3,result,1,1,WEREWOLF
