0,status,1,VILLAGER,ALIVE,S3
0,status,2,VILLAGER,ALIVE,S4
0,status,3,POSSESSED,ALIVE,S5
0,status,4,VILLAGER,ALIVE,S1
0,status,5,WEREWOLF,ALIVE,S2
0,status,6,SEER,ALIVE,matatabi
0,divine,6,1,HUMAN
1,status,1,VILLAGER,ALIVE,S3
1,status,2,VILLAGER,ALIVE,S4
1,status,3,POSSESSED,ALIVE,S5
1,status,4,VILLAGER,ALIVE,S1
1,status,5,WEREWOLF,ALIVE,S2
1,status,6,SEER,ALIVE,matatabi
1,talk,0,0,2,Skip
1,talk,1,0,1,Skip
1,talk,2,0,6,COMINGOUT Agent[06] SEER
1,talk,3,0,4,Skip
1,talk,4,0,3,Skip
1,talk,5,0,5,Skip
1,talk,6,1,3,COMINGOUT Agent[03] SEER
1,talk,7,1,1,Skip
1,talk,8,1,5,Skip
1,talk,9,1,6,DIVINED Agent[01] HUMAN
1,talk,10,1,2,Skip
1,talk,11,1,4,Skip
1,talk,12,2,4,AND (VOTE Agent[02]) (REQUEST ANY (VOTE Agent[02]))
1,talk,13,2,3,DAY 1 (DIVINED Agent[06] WEREWOLF)
1,talk,14,2,1,AND (VOTE Agent[03]) (REQUEST ANY (VOTE Agent[03]))
1,talk,15,2,6,VOTE Agent[04]
1,talk,16,2,2,AND (VOTE Agent[04]) (REQUEST ANY (VOTE Agent[04]))
1,talk,17,2,5,AND (VOTE Agent[04]) (REQUEST ANY (VOTE Agent[04]))
1,talk,18,3,2,AND (VOTE Agent[03]) (REQUEST ANY (VOTE Agent[03]))
1,talk,19,3,6,Over
1,talk,20,3,5,Skip
1,talk,21,3,1,AND (VOTE Agent[02]) (REQUEST ANY (VOTE Agent[02]))
1,talk,22,3,3,BECAUSE (DAY 1 (DIVINED Agent[06] WEREWOLF)) (REQUEST ANY (VOTE Agent[06]))
1,talk,23,3,4,AND (VOTE Agent[04]) (REQUEST ANY (VOTE Agent[04]))
1,talk,24,4,2,AND (VOTE Agent[06]) (REQUEST ANY (VOTE Agent[06]))
1,talk,25,4,3,BECAUSE (DAY 1 (DIVINED Agent[06] WEREWOLF)) (AND (VOTE Agent[06]) (REQUEST ANY (VOTE Agent[06])))
1,talk,26,4,4,AND (VOTE Agent[03]) (REQUEST ANY (VOTE Agent[03]))
1,talk,27,4,6,Over
1,talk,28,4,1,AND (VOTE Agent[04]) (REQUEST ANY (VOTE Agent[04]))
1,talk,29,4,5,Skip
1,talk,30,5,3,Skip
1,talk,31,5,2,Skip
1,talk,32,5,1,Skip
1,talk,33,5,6,Over
1,talk,34,5,5,Over
1,talk,35,5,4,AND (VOTE Agent[06]) (REQUEST ANY (VOTE Agent[06]))
1,talk,36,6,1,Skip
1,talk,37,6,6,Over
1,talk,38,6,3,Skip
1,talk,39,6,5,Over
1,talk,40,6,4,Skip
1,talk,41,6,2,AND (VOTE Agent[04]) (REQUEST ANY (VOTE Agent[04]))
1,talk,42,7,2,Skip
1,talk,43,7,5,Over
1,talk,44,7,3,Over
1,talk,45,7,4,AND (VOTE Agent[04]) (REQUEST ANY (VOTE Agent[04]))
1,talk,46,7,1,AND (VOTE Agent[06]) (REQUEST ANY (VOTE Agent[06]))
1,talk,47,7,6,Over
1,talk,48,8,1,Skip
1,talk,49,8,2,Skip
1,talk,50,8,4,AND (VOTE Agent[06]) (REQUEST ANY (VOTE Agent[06]))
1,talk,51,8,3,Over
1,talk,52,8,6,Over
1,talk,53,8,5,Over
1,talk,54,9,5,Over
1,talk,55,9,2,AND (VOTE Agent[06]) (REQUEST ANY (VOTE Agent[06]))
1,talk,56,9,3,Over
1,talk,57,9,4,Skip
1,talk,58,9,6,Over
1,talk,59,9,1,AND (VOTE Agent[04]) (REQUEST ANY (VOTE Agent[04]))
1,talk,60,10,4,Skip
1,talk,61,10,5,Over
1,talk,62,10,6,Over
1,talk,63,10,2,AND (VOTE Agent[04]) (REQUEST ANY (VOTE Agent[04]))
1,talk,64,10,3,Over
1,talk,65,10,1,AND (VOTE Agent[06]) (REQUEST ANY (VOTE Agent[06]))
1,talk,66,11,1,AND (VOTE Agent[04]) (REQUEST ANY (VOTE Agent[04]))
1,talk,67,11,4,AND (VOTE Agent[04]) (REQUEST ANY (VOTE Agent[04]))
1,talk,68,11,5,Over
1,talk,69,11,6,Over
1,talk,70,11,2,AND (VOTE Agent[06]) (REQUEST ANY (VOTE Agent[06]))
1,talk,71,11,3,Over
1,talk,72,12,5,Over
1,talk,73,12,4,AND (VOTE Agent[06]) (REQUEST ANY (VOTE Agent[06]))
1,talk,74,12,2,AND (VOTE Agent[04]) (REQUEST ANY (VOTE Agent[04]))
1,talk,75,12,3,Over
1,talk,76,12,1,Skip
1,talk,77,12,6,Over
1,talk,78,13,1,AND (VOTE Agent[06]) (REQUEST ANY (VOTE Agent[06]))
1,talk,79,13,2,Skip
1,talk,80,13,4,AND (VOTE Agent[04]) (REQUEST ANY (VOTE Agent[04]))
1,talk,81,13,6,Over
1,talk,82,13,3,Over
1,talk,83,13,5,Over
1,talk,84,14,1,Skip
1,talk,85,14,6,Over
1,talk,86,14,5,Over
1,talk,87,14,2,Skip
1,talk,88,14,3,Over
1,talk,89,14,4,Skip
1,talk,90,15,1,Skip
1,talk,91,15,3,Over
1,talk,92,15,4,Skip
1,talk,93,15,5,Over
1,talk,94,15,2,Over
1,talk,95,15,6,Over
1,talk,96,16,1,Over
1,talk,97,16,5,Over
1,talk,98,16,6,Over
1,talk,99,16,2,Over
1,talk,100,16,4,Over
1,talk,101,16,3,Over
1,vote,1,6
1,vote,2,4
1,vote,3,6
1,vote,4,2
1,vote,5,4
1,vote,6,2
1,vote,1,2
1,vote,2,4
1,vote,3,6
1,vote,4,2
1,vote,5,2
1,vote,6,4
1,execute,2,VILLAGER
1,divine,6,4,HUMAN
1,attackVote,5,6
1,attack,6,true
2,status,1,VILLAGER,ALIVE,S3
2,status,2,VILLAGER,DEAD,S4
2,status,3,POSSESSED,ALIVE,S5
2,status,4,VILLAGER,ALIVE,S1
2,status,5,WEREWOLF,ALIVE,S2
2,status,6,SEER,DEAD,matatabi
2,talk,0,0,1,BECAUSE (AND (ANY ATTACKED Agent[06]) (DAY 1 (Agent[03] DIVINED Agent[06] WEREWOLF))) (XOR (ESTIMATE Agent[03] WEREWOLF) (ESTIMATE Agent[03] POSSESSED))
2,talk,1,0,4,BECAUSE (AND (ANY ATTACKED Agent[06]) (DAY 1 (Agent[03] DIVINED Agent[06] WEREWOLF))) (XOR (ESTIMATE Agent[03] WEREWOLF) (ESTIMATE Agent[03] POSSESSED))
2,talk,2,0,5,BECAUSE (AND (NOT (COMINGOUT Agent[03] WEREWOLF)) (NOT (COMINGOUT Agent[06] WEREWOLF)) (DAY 1 (Agent[03] DIVINED Agent[06] WEREWOLF))) (ESTIMATE Agent[03] POSSESSED)
2,talk,3,0,3,DAY 2 (DIVINED Agent[04] HUMAN)
2,talk,4,1,5,Skip
2,talk,5,1,1,Skip
2,talk,6,1,4,Skip
2,talk,7,1,3,Skip
2,talk,8,2,5,BECAUSE (ESTIMATE Agent[03] POSSESSED) (AND (VOTE Agent[03]) (REQUEST ANY (VOTE Agent[03])))
2,talk,9,2,3,AND (VOTE Agent[05]) (REQUEST ANY (VOTE Agent[05]))
2,talk,10,2,1,BECAUSE (XOR (ESTIMATE Agent[03] WEREWOLF) (ESTIMATE Agent[03] POSSESSED)) (AND (VOTE Agent[03]) (REQUEST ANY (VOTE Agent[03])))
2,talk,11,2,4,BECAUSE (XOR (ESTIMATE Agent[03] WEREWOLF) (ESTIMATE Agent[03] POSSESSED)) (AND (VOTE Agent[03]) (REQUEST ANY (VOTE Agent[03])))
2,talk,12,3,1,Skip
2,talk,13,3,5,Skip
2,talk,14,3,4,Skip
2,talk,15,3,3,Skip
2,talk,16,4,3,Skip
2,talk,17,4,5,Skip
2,talk,18,4,1,Skip
2,talk,19,4,4,Skip
2,talk,20,5,4,Over
2,talk,21,5,5,Over
2,talk,22,5,3,Over
2,talk,23,5,1,Over
2,vote,1,3
2,vote,3,5
2,vote,4,3
2,vote,5,3
2,execute,3,POSSESSED
2,attackVote,5,4
2,attack,4,true
3,status,1,VILLAGER,ALIVE,S3
3,status,2,VILLAGER,DEAD,S4
3,status,3,POSSESSED,DEAD,S5
3,status,4,VILLAGER,DEAD,S1
3,status,5,WEREWOLF,ALIVE,S2
3,status,6,SEER,DEAD,matatabi
3,result,1,1,WEREWOLF
