0,status,1,SEER,ALIVE,wasabi
0,status,2,WEREWOLF,ALIVE,carlo
0,status,3,POSSESSED,ALIVE,m_cre
0,status,4,VILLAGER,ALIVE,TOT
0,status,5,VILLAGER,ALIVE,wordwolf
0,status,6,VILLAGER,ALIVE,matatabi
0,divine,1,4,HUMAN
1,status,1,SEER,ALIVE,wasabi
1,status,2,WEREWOLF,ALIVE,carlo
1,status,3,POSSESSED,ALIVE,m_cre
1,status,4,VILLAGER,ALIVE,TOT
1,status,5,VILLAGER,ALIVE,wordwolf
1,status,6,VILLAGER,ALIVE,matatabi
1,talk,0,0,5,VOTE Agent[01]
1,talk,1,0,4,VOTE Agent[06]
1,talk,2,0,2,VOTE Agent[01]
1,talk,3,0,6,VOTE Agent[05]
1,talk,4,0,3,COMINGOUT Agent[03] SEER
1,talk,5,0,1,COMINGOUT Agent[01] SEER
1,talk,6,1,1,DIVINED Agent[04] HUMAN
1,talk,7,1,6,Over
1,talk,8,1,3,DIVINED Agent[01] WEREWOLF
1,talk,9,1,5,VOTE Agent[02]
1,talk,10,1,2,VOTE Agent[04]
1,talk,11,1,4,REQUEST ANY (VOTE Agent[06])
1,talk,12,2,6,Over
1,talk,13,2,2,COMINGOUT Agent[02] SEER
1,talk,14,2,1,ESTIMATE Agent[02] VILLAGER
1,talk,15,2,3,VOTE Agent[05]
1,talk,16,2,5,Skip
1,talk,17,2,4,Skip
1,talk,18,3,3,VOTE Agent[02]
1,talk,19,3,6,Over
1,talk,20,3,1,VOTE Agent[02]
1,talk,21,3,4,Skip
1,talk,22,3,5,Skip
1,talk,23,3,2,DIVINED Agent[03] HUMAN
1,talk,24,4,3,Skip
1,talk,25,4,4,Over
1,talk,26,4,1,ESTIMATE Agent[05] VILLAGER
1,talk,27,4,2,Skip
1,talk,28,4,5,Over
1,talk,29,4,6,Over
1,talk,30,5,3,Skip
1,talk,31,5,1,Skip
1,talk,32,5,6,Over
1,talk,33,5,4,Over
1,talk,34,5,2,Skip
1,talk,35,5,5,Over
1,talk,36,6,5,Over
1,talk,37,6,2,Over
1,talk,38,6,1,Skip
1,talk,39,6,4,Over
1,talk,40,6,6,Over
1,talk,41,6,3,Over
1,talk,42,7,2,Over
1,talk,43,7,1,Over
1,talk,44,7,4,Over
1,talk,45,7,6,Over
1,talk,46,7,3,Over
1,talk,47,7,5,Over
1,vote,1,2
1,vote,2,6
1,vote,3,2
1,vote,4,6
1,vote,5,2
1,vote,6,2
1,execute,2,WEREWOLF
1,divine,1,3,HUMAN
2,status,1,SEER,ALIVE,wasabi
2,status,2,WEREWOLF,DEAD,carlo
2,status,3,POSSESSED,ALIVE,m_cre
2,status,4,VILLAGER,ALIVE,TOT
2,status,5,VILLAGER,ALIVE,wordwolf
2,status,6,VILLAGER,ALIVE,matatabi
2,result,5,0,VILLAGER
