0,status,1,WEREWOLF,ALIVE,S3
0,status,2,VILLAGER,ALIVE,S4
0,status,3,SEER,ALIVE,S5
0,status,4,VILLAGER,ALIVE,S1
0,status,5,POSSESSED,ALIVE,S2
0,status,6,VILLAGER,ALIVE,matatabi
0,divine,3,4,HUMAN
1,status,1,WEREWOLF,ALIVE,S3
1,status,2,VILLAGER,ALIVE,S4
1,status,3,SEER,ALIVE,S5
1,status,4,VILLAGER,ALIVE,S1
1,status,5,POSSESSED,ALIVE,S2
1,status,6,VILLAGER,ALIVE,matatabi
1,talk,0,0,2,Skip
1,talk,1,0,4,Skip
1,talk,2,0,6,VOTE Agent[04]
1,talk,3,0,3,Skip
1,talk,4,0,1,COMINGOUT Agent[01] SEER
1,talk,5,0,5,Skip
1,talk,6,1,3,COMINGOUT Agent[03] SEER
1,talk,7,1,4,Skip
1,talk,8,1,2,Skip
1,talk,9,1,5,COMINGOUT Agent[05] SEER
1,talk,10,1,1,DAY 1 (DIVINED Agent[05] HUMAN)
1,talk,11,1,6,Over
1,talk,12,2,6,Over
1,talk,13,2,2,AND (VOTE Agent[06]) (REQUEST ANY (VOTE Agent[06]))
1,talk,14,2,4,AND (VOTE Agent[03]) (REQUEST ANY (VOTE Agent[03]))
1,talk,15,2,1,BECAUSE (AND (COMINGOUT Agent[01] SEER) (Agent[03] COMINGOUT Agent[03] SEER)) (XOR (ESTIMATE Agent[03] WEREWOLF) (ESTIMATE Agent[03] POSSESSED))
1,talk,16,2,5,DAY 1 (DIVINED Agent[01] WEREWOLF)
1,talk,17,2,3,DAY 1 (DIVINED Agent[04] HUMAN)
1,talk,18,3,1,BECAUSE (XOR (ESTIMATE Agent[03] WEREWOLF) (ESTIMATE Agent[03] POSSESSED)) (AND (VOTE Agent[03]) (REQUEST ANY (VOTE Agent[03])))
1,talk,19,3,2,AND (VOTE Agent[03]) (REQUEST ANY (VOTE Agent[03]))
1,talk,20,3,3,BECAUSE (AND (COMINGOUT Agent[03] SEER) (Agent[01] COMINGOUT Agent[01] SEER)) (XOR (ESTIMATE Agent[01] WEREWOLF) (ESTIMATE Agent[01] POSSESSED))
1,talk,21,3,5,BECAUSE (DAY 1 (DIVINED Agent[01] WEREWOLF)) (REQUEST ANY (VOTE Agent[01]))
1,talk,22,3,6,Over
1,talk,23,3,4,AND (VOTE Agent[06]) (REQUEST ANY (VOTE Agent[06]))
1,talk,24,4,2,AND (VOTE Agent[01]) (REQUEST ANY (VOTE Agent[01]))
1,talk,25,4,3,BECAUSE (XOR (ESTIMATE Agent[01] WEREWOLF) (ESTIMATE Agent[01] POSSESSED)) (AND (VOTE Agent[01]) (REQUEST ANY (VOTE Agent[01])))
1,talk,26,4,4,AND (VOTE Agent[03]) (REQUEST ANY (VOTE Agent[03]))
1,talk,27,4,5,BECAUSE (DAY 1 (DIVINED Agent[01] WEREWOLF)) (AND (VOTE Agent[01]) (REQUEST ANY (VOTE Agent[01])))
1,talk,28,4,1,Skip
1,talk,29,4,6,Over
1,talk,30,5,6,Over
1,talk,31,5,5,Skip
1,talk,32,5,1,Skip
1,talk,33,5,4,AND (VOTE Agent[01]) (REQUEST ANY (VOTE Agent[01]))
1,talk,34,5,3,Skip
1,talk,35,5,2,Skip
1,talk,36,6,2,Skip
1,talk,37,6,3,Skip
1,talk,38,6,1,Over
1,talk,39,6,6,Over
1,talk,40,6,5,Skip
1,talk,41,6,4,Skip
1,talk,42,7,6,Over
1,talk,43,7,4,Skip
1,talk,44,7,5,Over
1,talk,45,7,2,Over
1,talk,46,7,3,Over
1,talk,47,7,1,Over
1,talk,48,8,2,Over
1,talk,49,8,1,Over
1,talk,50,8,3,Over
1,talk,51,8,5,Over
1,talk,52,8,6,Over
1,talk,53,8,4,Over
1,vote,1,3
1,vote,2,1
1,vote,3,1
1,vote,4,1
1,vote,5,1
1,vote,6,3
1,execute,1,WEREWOLF
2,status,1,WEREWOLF,DEAD,S3
2,status,2,VILLAGER,ALIVE,S4
2,status,3,SEER,ALIVE,S5
2,status,4,VILLAGER,ALIVE,S1
2,status,5,POSSESSED,ALIVE,S2
2,status,6,VILLAGER,ALIVE,matatabi
2,result,5,0,VILLAGER
